1297
1301
1303
1307
1309
1310
1312
1316
1318
1321
1325
1327
1330
1334
1336
1343
1345
1349
1352
1354
1358
1361
1363
1367
1369
1370
1372
1376
1378
1381
1385
1387
1390
1394
1396
1400
1402
1406
1408
1411
1415
1417
1420
1424
1426
1433
1435
1439
1442
1444
1448
1451
1453
1457
1459
1460
1462
1466
1468
1471
1475
1477
1480
1484
1486
1493
1495
1499
1501
1505
1507
1510
1514
1516
1523
1525
1529
1532
1534
1538
1541
1543
1547
1549
1550
1552
1556
1558
1561
1565
1567
1570
1574
1576
1583
1585
1589
1592
1594
1598
1600
1604
1606
1613
1615
1619
1622
1624
1628
1631
1633
1637
1639
1640
1642
1646
1648
1651
1655
1657
1660
1664
1666
1673
1675
1679
1682
1684
1688
1691
1693
1697
1703
1705
1709
1712
1714
1718
1721
1723
1727
1729
1730
1732
1736
1738
1741
1745
1747
1750
1754
1756
1763
1765
1769
1772
1774
1778
1781
1783
1787
1790
1792
1796
1802
1804
1808
1811
1813
1817
1819
1820
1822
1826
1828
1831
1835
1837
1840
1844
1846
1853
1855
1859
1862
1864
1868
1871
1873
1877
1880
1882
1886
1891
1895
1901
1903
1907
1909
1910
1912
1916
1918
1921
1925
1927
1930
1934
1936
1943
1945
1949
1952
1954
1958
1961
1963
1967
1970
1972
1976
1981
1985
1990
1994
2000
2001
2003
2005
2009
2010
2012
2014
2018
2021
2023
2027
2029
2030
2032
2036
2038
2041
2045
2047
2050
2054
2056
2063
2065
2069
2072
2074
2078
2081
2083
2087
2089
2090
2092
2096
2098
2100
2102
2104
2108
2111
2113
2117
2119
2120
2122
2126
2128
2131
2135
2137
2140
2144
2146
2153
2155
2159
2162
2164
2168
2171
2173
2177
2179
2180
2182
2186
2188
2191
2195
2197
2201
2203
2207
2209
2210
2212
2216
2218
2221
2225
2227
2230
2234
2236
2243
2245
2249
2252
2254
2258
2261
2263
2267
2269
2270
2272
2276
2278
2281
2285
2287
2290
2294
2296
2300
2302
2306
2308
2311
2315
2317
2320
2324
2326
2333
2335
2339
2342
2344
2348
2351
2353
2357
2359
2360
2362
2366
2368
2371
2375
2377
2380
2384
2386
2393
2395
2399
2401
2405
2407
2410
2414
2416
2423
2425
2429
2432
2434
2438
2441
2443
2447
2449
2450
2452
2456
2458
2461
2465
2467
2470
2474
2476
2483
2485
2489
2492
2494
2498
2500
2504
2506
2513
2515
2519
2522
2524
2528
2531
2533
2537
2539
2540
2542
2546
2548
2551
2555
2557
2560
2564
2566
2573
2575
2579
2582
2584
2588
2591
2593
2597
2603
2605
2609
2612
2614
2618
2621
2623
2627
2629
2630
2632
2636
2638
2641
2645
2647
2650
2654
2656
2663
2665
2669
2672
2674
2678
2681
2683
2687
2690
2692
2696
2702
2704
2708
2711
2713
2717
2719
2720
2722
2726
2728
2731
2735
2737
2740
2744
2746
2753
2755
2759
2762
2764
2768
2771
2773
2777
2780
2782
2786
2791
2795
